<?xml version="1.0" encoding="UTF-8"?>
<!-- Generated by org.testng.reporters.JUnitReportReporter -->
<testsuite hostname="Nitro5Omar" failures="0" tests="1" name="omarcavazos.tests.ErrorValidationsTest" time="9.495" errors="0" timestamp="2025-05-26T12:41:56 CST" skipped="0">
  <testcase classname="omarcavazos.tests.ErrorValidationsTest" name="LoginErrorValidation" time="9.495"/>
</testsuite> <!-- omarcavazos.tests.ErrorValidationsTest -->
