<?xml version="1.0" encoding="UTF-8"?>
<!-- Generated by org.testng.reporters.JUnitReportReporter -->
<testsuite hostname="Nitro5Omar" failures="0" tests="2" name="omarcavazos.tests.SubmitOrderTest" time="28.649" errors="0" timestamp="2025-05-28T18:30:53 CST" skipped="0">
  <testcase classname="omarcavazos.tests.SubmitOrderTest" name="submitOrder" time="14.733"/>
  <testcase classname="omarcavazos.tests.SubmitOrderTest" name="submitOrder" time="13.916"/>
</testsuite> <!-- omarcavazos.tests.SubmitOrderTest -->
