<?xml version="1.0" encoding="UTF-8"?>
<!-- Generated by org.testng.reporters.JUnitReportReporter -->
<testsuite hostname="Nitro5Omar" failures="0" tests="2" name="omarcavazos.tests.SubmitOrderTest" time="22.434" errors="0" timestamp="2025-05-26T10:51:40 CST" skipped="0">
  <testcase classname="omarcavazos.tests.SubmitOrderTest" name="OrderHistoryTest" time="8.169"/>
  <testcase classname="omarcavazos.tests.SubmitOrderTest" name="submitOrder" time="14.265"/>
</testsuite> <!-- omarcavazos.tests.SubmitOrderTest -->
