<?xml version="1.0" encoding="UTF-8"?>
<!-- Generated by org.testng.reporters.JUnitReportReporter -->
<testsuite hostname="Nitro5Omar" failures="0" tests="3" name="omarcavazos.tests.SubmitOrderTest" time="38.286" errors="0" timestamp="2025-05-27T18:20:28 CST" skipped="0">
  <testcase classname="omarcavazos.tests.SubmitOrderTest" name="submitOrder" time="14.145"/>
  <testcase classname="omarcavazos.tests.SubmitOrderTest" name="submitOrder" time="13.948"/>
  <testcase classname="omarcavazos.tests.SubmitOrderTest" name="OrderHistoryTest" time="10.193"/>
</testsuite> <!-- omarcavazos.tests.SubmitOrderTest -->
