<?xml version="1.0" encoding="UTF-8"?>
<!-- Generated by org.testng.reporters.JUnitReportReporter -->
<testsuite hostname="Nitro5Omar" failures="0" tests="2" name="omarcavazos.tests.ErrorValidationsTest" time="20.004" errors="0" timestamp="2025-05-28T18:12:48 CST" skipped="0">
  <testcase classname="omarcavazos.tests.ErrorValidationsTest" name="ProductErrorValidation" time="12.330"/>
  <testcase classname="omarcavazos.tests.ErrorValidationsTest" name="LoginErrorValidation" time="7.674"/>
</testsuite> <!-- omarcavazos.tests.ErrorValidationsTest -->
