<?xml version="1.0" encoding="UTF-8"?>
<!-- Generated by org.testng.reporters.JUnitReportReporter -->
<testsuite hostname="Nitro5Omar" failures="0" tests="2" name="omarcavazos.tests.ErrorValidationsTest" time="18.200" errors="0" timestamp="2025-05-28T19:35:35 CST" skipped="0">
  <testcase classname="omarcavazos.tests.ErrorValidationsTest" name="ProductErrorValidation" time="10.395"/>
  <testcase classname="omarcavazos.tests.ErrorValidationsTest" name="LoginErrorValidation" time="7.805"/>
</testsuite> <!-- omarcavazos.tests.ErrorValidationsTest -->
