<?xml version="1.0" encoding="UTF-8"?>
<!-- Generated by org.testng.reporters.JUnitReportReporter -->
<testsuite hostname="Nitro5Omar" failures="0" tests="2" name="omarcavazos.tests.SubmitOrderTest" time="28.677" errors="0" timestamp="2025-05-27T19:30:58 CST" skipped="0">
  <testcase classname="omarcavazos.tests.SubmitOrderTest" name="submitOrder" time="14.119"/>
  <testcase classname="omarcavazos.tests.SubmitOrderTest" name="submitOrder" time="14.558"/>
</testsuite> <!-- omarcavazos.tests.SubmitOrderTest -->
